# JRE version: OpenJDK Runtime Environment Temurin-21.0.10+7 (21.0.10+7) (build 21.0.10+7-LTS)
# Java VM: OpenJDK 64-Bit Server VM Temurin-21.0.10+7 (21.0.10+7-LTS, mixed mode, sharing, tiered, compressed oops, compressed class ptrs, parallel gc, windows-amd64)
GC Precious Log:
 CardTable entry size: 512
 CPUs: 8 total, 8 available
 Memory: 7914M
 Large Page Support: Disabled
 NUMA Support: Disabled
 Compressed Oops: Enabled (32-bit)
 Alignments: Space 512K, Generation 512K, Heap 2M
 Heap Min Capacity: 100M
 Heap Initial Capacity: 100M
 Heap Max Capacity: 2G
 Pre-touch: Disabled
 Parallel Workers: 8
Heap:
 PSYoungGen      total 6656K, used 4673K [0x00000000d5580000, 0x00000000d6180000, 0x0000000100000000)
  eden space 6144K, 72% used [0x00000000d5580000,0x00000000d59d87f0,0x00000000d5b80000)
  from space 512K, 43% used [0x00000000d6080000,0x00000000d60b8000,0x00000000d6100000)
  to   space 512K, 0% used [0x00000000d6100000,0x00000000d6100000,0x00000000d6180000)
 ParOldGen       total 571904K, used 570755K [0x0000000080000000, 0x00000000a2e80000, 0x00000000d5580000)
  object space 571904K, 99% used [0x0000000080000000,0x00000000a2d60e08,0x00000000a2e80000)
 Metaspace       used 91819K, committed 93632K, reserved 1179648K
  class space    used 9365K, committed 10176K, reserved 1048576K
GC Heap History (20 events):
Event: 801.217 GC heap before
{Heap before GC invocations=2503 (full 7):
 PSYoungGen      total 5632K, used 5607K [0x00000000d5580000, 0x00000000d6580000, 0x0000000100000000)
  eden space 3072K, 100% used [0x00000000d5580000,0x00000000d5880000,0x00000000d5880000)
  from space 2560K, 99% used [0x00000000d5880000,0x00000000d5af9d18,0x00000000d5b00000)
  to   space 6144K, 0% used [0x00000000d5f80000,0x00000000d5f80000,0x00000000d6580000)
 ParOldGen       total 500224K, used 499978K [0x0000000080000000, 0x000000009e880000, 0x00000000d5580000)
  object space 500224K, 99% used [0x0000000080000000,0x000000009e842a70,0x000000009e880000)
 Metaspace       used 91753K, committed 93568K, reserved 1179648K
  class space    used 9363K, committed 10176K, reserved 1048576K
}
Event: 801.221 GC heap after
{Heap after GC invocations=2503 (full 7):
 PSYoungGen      total 7680K, used 3137K [0x00000000d5580000, 0x00000000d6300000, 0x0000000100000000)
  eden space 4096K, 0% used [0x00000000d5580000,0x00000000d5580000,0x00000000d5980000)
  from space 3584K, 87% used [0x00000000d5f80000,0x00000000d62906e0,0x00000000d6300000)
  to   space 4096K, 0% used [0x00000000d5b00000,0x00000000d5b00000,0x00000000d5f00000)
 ParOldGen       total 502784K, used 502546K [0x0000000080000000, 0x000000009eb00000, 0x00000000d5580000)
  object space 502784K, 99% used [0x0000000080000000,0x000000009eac49b8,0x000000009eb00000)
 Metaspace       used 91753K, committed 93568K, reserved 1179648K
  class space    used 9363K, committed 10176K, reserved 1048576K
}
Event: 801.229 GC heap before
{Heap before GC invocations=2504 (full 7):
 PSYoungGen      total 7680K, used 7188K [0x00000000d5580000, 0x00000000d6300000, 0x0000000100000000)
  eden space 4096K, 98% used [0x00000000d5580000,0x00000000d5974cc8,0x00000000d5980000)
  from space 3584K, 87% used [0x00000000d5f80000,0x00000000d62906e0,0x00000000d6300000)
  to   space 4096K, 0% used [0x00000000d5b00000,0x00000000d5b00000,0x00000000d5f00000)
 ParOldGen       total 502784K, used 502546K [0x0000000080000000, 0x000000009eb00000, 0x00000000d5580000)
  object space 502784K, 99% used [0x0000000080000000,0x000000009eac49b8,0x000000009eb00000)
 Metaspace       used 91753K, committed 93568K, reserved 1179648K
  class space    used 9363K, committed 10176K, reserved 1048576K
}
Event: 801.233 GC heap after
{Heap after GC invocations=2504 (full 7):
 PSYoungGen      total 8704K, used 3176K [0x00000000d5580000, 0x00000000d6180000, 0x0000000100000000)
  eden space 5120K, 0% used [0x00000000d5580000,0x00000000d5580000,0x00000000d5a80000)
  from space 3584K, 88% used [0x00000000d5b00000,0x00000000d5e1a2b8,0x00000000d5e80000)
  to   space 3072K, 0% used [0x00000000d5e80000,0x00000000d5e80000,0x00000000d6180000)
 ParOldGen       total 505856K, used 505603K [0x0000000080000000, 0x000000009ee00000, 0x00000000d5580000)
  object space 505856K, 99% used [0x0000000080000000,0x000000009edc0da8,0x000000009ee00000)
 Metaspace       used 91753K, committed 93568K, reserved 1179648K
  class space    used 9363K, committed 10176K, reserved 1048576K
}
Event: 809.107 GC heap before
{Heap before GC invocations=2505 (full 7):
 PSYoungGen      total 8704K, used 8296K [0x00000000d5580000, 0x00000000d6180000, 0x0000000100000000)
  eden space 5120K, 100% used [0x00000000d5580000,0x00000000d5a80000,0x00000000d5a80000)
  from space 3584K, 88% used [0x00000000d5b00000,0x00000000d5e1a2b8,0x00000000d5e80000)
  to   space 3072K, 0% used [0x00000000d5e80000,0x00000000d5e80000,0x00000000d6180000)
 ParOldGen       total 537600K, used 536323K [0x0000000080000000, 0x00000000a0d00000, 0x00000000d5580000)
  object space 537600K, 99% used [0x0000000080000000,0x00000000a0bc0dd8,0x00000000a0d00000)
 Metaspace       used 91753K, committed 93568K, reserved 1179648K
  class space    used 9363K, committed 10176K, reserved 1048576K
}
Event: 809.111 GC heap after
{Heap after GC invocations=2505 (full 7):
 PSYoungGen      total 8192K, used 1716K [0x00000000d5580000, 0x00000000d6080000, 0x0000000100000000)
  eden space 6144K, 0% used [0x00000000d5580000,0x00000000d5580000,0x00000000d5b80000)
  from space 2048K, 83% used [0x00000000d5e80000,0x00000000d602d200,0x00000000d6080000)
  to   space 2560K, 0% used [0x00000000d5b80000,0x00000000d5b80000,0x00000000d5e00000)
 ParOldGen       total 538624K, used 538315K [0x0000000080000000, 0x00000000a0e00000, 0x00000000d5580000)
  object space 538624K, 99% used [0x0000000080000000,0x00000000a0db2dd8,0x00000000a0e00000)
 Metaspace       used 91753K, committed 93568K, reserved 1179648K
  class space    used 9363K, committed 10176K, reserved 1048576K
}
Event: 809.141 GC heap before
{Heap before GC invocations=2506 (full 7):
 PSYoungGen      total 8192K, used 7851K [0x00000000d5580000, 0x00000000d6080000, 0x0000000100000000)
  eden space 6144K, 99% used [0x00000000d5580000,0x00000000d5b7ddf8,0x00000000d5b80000)
  from space 2048K, 83% used [0x00000000d5e80000,0x00000000d602d200,0x00000000d6080000)
  to   space 2560K, 0% used [0x00000000d5b80000,0x00000000d5b80000,0x00000000d5e00000)
 ParOldGen       total 538624K, used 538315K [0x0000000080000000, 0x00000000a0e00000, 0x00000000d5580000)
  object space 538624K, 99% used [0x0000000080000000,0x00000000a0db2dd8,0x00000000a0e00000)
 Metaspace       used 91755K, committed 93568K, reserved 1179648K
  class space    used 9363K, committed 10176K, reserved 1048576K
}
Event: 809.143 GC heap after
{Heap after GC invocations=2506 (full 7):
 PSYoungGen      total 8704K, used 2531K [0x00000000d5580000, 0x00000000d6600000, 0x0000000100000000)
  eden space 6144K, 0% used [0x00000000d5580000,0x00000000d5580000,0x00000000d5b80000)
  from space 2560K, 98% used [0x00000000d5b80000,0x00000000d5df8e20,0x00000000d5e00000)
  to   space 4608K, 0% used [0x00000000d6180000,0x00000000d6180000,0x00000000d6600000)
 ParOldGen       total 540160K, used 539699K [0x0000000080000000, 0x00000000a0f80000, 0x00000000d5580000)
  object space 540160K, 99% used [0x0000000080000000,0x00000000a0f0cdd8,0x00000000a0f80000)
 Metaspace       used 91755K, committed 93568K, reserved 1179648K
  class space    used 9363K, committed 10176K, reserved 1048576K
}
Event: 919.336 GC heap before
{Heap before GC invocations=2507 (full 7):
 PSYoungGen      total 8704K, used 8675K [0x00000000d5580000, 0x00000000d6600000, 0x0000000100000000)
  eden space 6144K, 100% used [0x00000000d5580000,0x00000000d5b80000,0x00000000d5b80000)
  from space 2560K, 98% used [0x00000000d5b80000,0x00000000d5df8e20,0x00000000d5e00000)
  to   space 4608K, 0% used [0x00000000d6180000,0x00000000d6180000,0x00000000d6600000)
 ParOldGen       total 540160K, used 539699K [0x0000000080000000, 0x00000000a0f80000, 0x00000000d5580000)
  object space 540160K, 99% used [0x0000000080000000,0x00000000a0f0cdd8,0x00000000a0f80000)
 Metaspace       used 91766K, committed 93568K, reserved 1179648K
  class space    used 9363K, committed 10176K, reserved 1048576K
}
Event: 919.339 GC heap after
{Heap after GC invocations=2507 (full 7):
 PSYoungGen      total 7168K, used 564K [0x00000000d5580000, 0x00000000d6280000, 0x0000000100000000)
  eden space 6144K, 0% used [0x00000000d5580000,0x00000000d5580000,0x00000000d5b80000)
  from space 1024K, 55% used [0x00000000d6180000,0x00000000d620d200,0x00000000d6280000)
  to   space 2048K, 0% used [0x00000000d5e80000,0x00000000d5e80000,0x00000000d6080000)
 ParOldGen       total 540160K, used 539771K [0x0000000080000000, 0x00000000a0f80000, 0x00000000d5580000)
  object space 540160K, 99% used [0x0000000080000000,0x00000000a0f1edd8,0x00000000a0f80000)
 Metaspace       used 91766K, committed 93568K, reserved 1179648K
  class space    used 9363K, committed 10176K, reserved 1048576K
}
Event: 952.136 GC heap before
{Heap before GC invocations=2508 (full 7):
 PSYoungGen      total 7168K, used 6708K [0x00000000d5580000, 0x00000000d6280000, 0x0000000100000000)
  eden space 6144K, 100% used [0x00000000d5580000,0x00000000d5b80000,0x00000000d5b80000)
  from space 1024K, 55% used [0x00000000d6180000,0x00000000d620d200,0x00000000d6280000)
  to   space 2048K, 0% used [0x00000000d5e80000,0x00000000d5e80000,0x00000000d6080000)
 ParOldGen       total 540160K, used 539771K [0x0000000080000000, 0x00000000a0f80000, 0x00000000d5580000)
  object space 540160K, 99% used [0x0000000080000000,0x00000000a0f1edd8,0x00000000a0f80000)
 Metaspace       used 91779K, committed 93568K, reserved 1179648K
  class space    used 9365K, committed 10176K, reserved 1048576K
}
Event: 952.138 GC heap after
{Heap after GC invocations=2508 (full 7):
 PSYoungGen      total 8192K, used 288K [0x00000000d5580000, 0x00000000d6200000, 0x0000000100000000)
  eden space 6144K, 0% used [0x00000000d5580000,0x00000000d5580000,0x00000000d5b80000)
  from space 2048K, 14% used [0x00000000d5e80000,0x00000000d5ec8000,0x00000000d6080000)
  to   space 1024K, 0% used [0x00000000d6100000,0x00000000d6100000,0x00000000d6200000)
 ParOldGen       total 540160K, used 539875K [0x0000000080000000, 0x00000000a0f80000, 0x00000000d5580000)
  object space 540160K, 99% used [0x0000000080000000,0x00000000a0f38dd8,0x00000000a0f80000)
 Metaspace       used 91779K, committed 93568K, reserved 1179648K
  class space    used 9365K, committed 10176K, reserved 1048576K
}
Event: 1079.020 GC heap before
{Heap before GC invocations=2509 (full 7):
 PSYoungGen      total 8192K, used 6432K [0x00000000d5580000, 0x00000000d6200000, 0x0000000100000000)
  eden space 6144K, 100% used [0x00000000d5580000,0x00000000d5b80000,0x00000000d5b80000)
  from space 2048K, 14% used [0x00000000d5e80000,0x00000000d5ec8000,0x00000000d6080000)
  to   space 1024K, 0% used [0x00000000d6100000,0x00000000d6100000,0x00000000d6200000)
 ParOldGen       total 540160K, used 539875K [0x0000000080000000, 0x00000000a0f80000, 0x00000000d5580000)
  object space 540160K, 99% used [0x0000000080000000,0x00000000a0f38dd8,0x00000000a0f80000)
 Metaspace       used 91789K, committed 93568K, reserved 1179648K
  class space    used 9365K, committed 10176K, reserved 1048576K
}
Event: 1079.022 GC heap after
{Heap after GC invocations=2509 (full 7):
 PSYoungGen      total 6656K, used 224K [0x00000000d5580000, 0x00000000d6180000, 0x0000000100000000)
  eden space 6144K, 0% used [0x00000000d5580000,0x00000000d5580000,0x00000000d5b80000)
  from space 512K, 43% used [0x00000000d6100000,0x00000000d6138000,0x00000000d6180000)
  to   space 512K, 0% used [0x00000000d6080000,0x00000000d6080000,0x00000000d6100000)
 ParOldGen       total 540160K, used 539923K [0x0000000080000000, 0x00000000a0f80000, 0x00000000d5580000)
  object space 540160K, 99% used [0x0000000080000000,0x00000000a0f44dd8,0x00000000a0f80000)
 Metaspace       used 91789K, committed 93568K, reserved 1179648K
  class space    used 9365K, committed 10176K, reserved 1048576K
}
Event: 1081.860 GC heap before
{Heap before GC invocations=2510 (full 7):
 PSYoungGen      total 6656K, used 6368K [0x00000000d5580000, 0x00000000d6180000, 0x0000000100000000)
  eden space 6144K, 100% used [0x00000000d5580000,0x00000000d5b80000,0x00000000d5b80000)
  from space 512K, 43% used [0x00000000d6100000,0x00000000d6138000,0x00000000d6180000)
  to   space 512K, 0% used [0x00000000d6080000,0x00000000d6080000,0x00000000d6100000)
 ParOldGen       total 540160K, used 539923K [0x0000000080000000, 0x00000000a0f80000, 0x00000000d5580000)
  object space 540160K, 99% used [0x0000000080000000,0x00000000a0f44dd8,0x00000000a0f80000)
 Metaspace       used 91799K, committed 93632K, reserved 1179648K
  class space    used 9365K, committed 10176K, reserved 1048576K
}
Event: 1081.861 GC heap after
{Heap after GC invocations=2510 (full 7):
 PSYoungGen      total 6656K, used 256K [0x00000000d5580000, 0x00000000d6180000, 0x0000000100000000)
  eden space 6144K, 0% used [0x00000000d5580000,0x00000000d5580000,0x00000000d5b80000)
  from space 512K, 50% used [0x00000000d6080000,0x00000000d60c0000,0x00000000d6100000)
  to   space 512K, 0% used [0x00000000d6100000,0x00000000d6100000,0x00000000d6180000)
 ParOldGen       total 540160K, used 539955K [0x0000000080000000, 0x00000000a0f80000, 0x00000000d5580000)
  object space 540160K, 99% used [0x0000000080000000,0x00000000a0f4cdd8,0x00000000a0f80000)
 Metaspace       used 91799K, committed 93632K, reserved 1179648K
  class space    used 9365K, committed 10176K, reserved 1048576K
}
Event: 1097.834 GC heap before
{Heap before GC invocations=2511 (full 7):
 PSYoungGen      total 6656K, used 6400K [0x00000000d5580000, 0x00000000d6180000, 0x0000000100000000)
  eden space 6144K, 100% used [0x00000000d5580000,0x00000000d5b80000,0x00000000d5b80000)
  from space 512K, 50% used [0x00000000d6080000,0x00000000d60c0000,0x00000000d6100000)
  to   space 512K, 0% used [0x00000000d6100000,0x00000000d6100000,0x00000000d6180000)
 ParOldGen       total 540160K, used 539955K [0x0000000080000000, 0x00000000a0f80000, 0x00000000d5580000)
  object space 540160K, 99% used [0x0000000080000000,0x00000000a0f4cdd8,0x00000000a0f80000)
 Metaspace       used 91805K, committed 93632K, reserved 1179648K
  class space    used 9365K, committed 10176K, reserved 1048576K
}
Event: 1097.837 GC heap after
{Heap after GC invocations=2511 (full 7):
 PSYoungGen      total 6656K, used 256K [0x00000000d5580000, 0x00000000d6180000, 0x0000000100000000)
  eden space 6144K, 0% used [0x00000000d5580000,0x00000000d5580000,0x00000000d5b80000)
  from space 512K, 50% used [0x00000000d6100000,0x00000000d6140000,0x00000000d6180000)
  to   space 512K, 0% used [0x00000000d6080000,0x00000000d6080000,0x00000000d6100000)
 ParOldGen       total 540160K, used 540003K [0x0000000080000000, 0x00000000a0f80000, 0x00000000d5580000)
  object space 540160K, 99% used [0x0000000080000000,0x00000000a0f58dd8,0x00000000a0f80000)
 Metaspace       used 91805K, committed 93632K, reserved 1179648K
  class space    used 9365K, committed 10176K, reserved 1048576K
}
Event: 1139.968 GC heap before
{Heap before GC invocations=2512 (full 7):
 PSYoungGen      total 6656K, used 6400K [0x00000000d5580000, 0x00000000d6180000, 0x0000000100000000)
  eden space 6144K, 100% used [0x00000000d5580000,0x00000000d5b80000,0x00000000d5b80000)
  from space 512K, 50% used [0x00000000d6100000,0x00000000d6140000,0x00000000d6180000)
  to   space 512K, 0% used [0x00000000d6080000,0x00000000d6080000,0x00000000d6100000)
 ParOldGen       total 540160K, used 540003K [0x0000000080000000, 0x00000000a0f80000, 0x00000000d5580000)
  object space 540160K, 99% used [0x0000000080000000,0x00000000a0f58dd8,0x00000000a0f80000)
 Metaspace       used 91817K, committed 93632K, reserved 1179648K
  class space    used 9365K, committed 10176K, reserved 1048576K
}
Event: 1139.970 GC heap after
{Heap after GC invocations=2512 (full 7):
 PSYoungGen      total 6656K, used 224K [0x00000000d5580000, 0x00000000d6180000, 0x0000000100000000)
  eden space 6144K, 0% used [0x00000000d5580000,0x00000000d5580000,0x00000000d5b80000)
  from space 512K, 43% used [0x00000000d6080000,0x00000000d60b8000,0x00000000d6100000)
  to   space 512K, 0% used [0x00000000d6100000,0x00000000d6100000,0x00000000d6180000)
 ParOldGen       total 540160K, used 540035K [0x0000000080000000, 0x00000000a0f80000, 0x00000000d5580000)
  object space 540160K, 99% used [0x0000000080000000,0x00000000a0f60dd8,0x00000000a0f80000)
 Metaspace       used 91817K, committed 93632K, reserved 1179648K
  class space    used 9365K, committed 10176K, reserved 1048576K
}

